{
  "RSpec": {
    "coverage": {
      "/Users/jackmccarthy/Documents/Makers/Week_10/makers-gilded-rose-tech-test/spec/gilded_rose_spec.rb": {
        "lines": [
          1,
          null,
          1,
          1,
          null,
          1,
          152,
          152,
          152,
          null,
          null,
          null,
          1,
          1,
          null,
          19,
          null,
          null,
          null,
          null,
          null,
          null,
          null,
          null,
          19,
          null,
          null,
          1,
          1,
          1,
          null,
          null,
          1,
          1,
          4,
          1,
          null,
          null,
          1,
          1,
          4,
          1,
          null,
          null,
          1,
          7,
          4,
          1,
          null,
          null,
          1,
          4,
          1,
          null,
          null,
          null,
          1,
          1,
          4,
          1,
          null,
          null,
          1,
          11,
          1,
          4,
          1,
          null,
          null,
          null,
          1,
          21,
          1,
          4,
          1,
          null,
          null,
          null,
          1,
          1,
          1,
          2,
          1,
          null,
          null,
          1,
          1,
          2,
          1,
          null,
          null,
          null,
          1,
          1,
          1,
          4,
          1,
          null,
          null,
          1,
          1,
          1,
          1,
          null,
          4,
          1,
          null,
          5,
          1,
          null,
          null,
          1,
          1,
          7,
          1,
          null,
          4,
          1,
          null,
          5,
          1,
          null,
          null,
          null,
          1,
          1,
          null,
          13,
          1,
          null,
          null,
          1,
          4,
          1,
          null,
          6,
          1,
          null,
          null,
          null,
          1,
          1,
          4,
          1,
          null,
          null,
          1,
          16,
          1,
          4,
          1,
          null,
          null,
          1,
          18,
          1,
          4,
          1,
          4,
          1,
          null,
          null,
          1,
          4,
          1,
          null,
          null,
          null,
          null,
          null,
          null
        ]
      },
      "/Users/jackmccarthy/Documents/Makers/Week_10/makers-gilded-rose-tech-test/lib/gilded_rose.rb": {
        "lines": [
          1,
          null,
          1,
          1,
          null,
          1,
          19,
          null,
          null,
          1,
          120,
          960,
          null,
          960,
          null,
          360,
          null,
          null,
          null,
          1,
          null,
          1,
          960,
          null,
          null,
          1,
          702,
          null,
          null,
          1,
          873,
          null,
          null,
          1,
          48,
          null,
          null,
          1,
          960,
          null,
          null,
          1,
          960,
          840,
          720,
          480,
          null,
          360,
          null,
          null,
          1,
          600,
          600,
          600,
          null,
          null,
          1,
          1920,
          null,
          null,
          1,
          1440,
          null,
          null,
          1,
          120,
          120,
          null,
          null,
          1,
          1320,
          null,
          null,
          1,
          240,
          240,
          240,
          240,
          null,
          null,
          1,
          1080,
          null,
          null,
          1,
          120,
          240,
          240,
          null,
          null,
          null,
          1,
          360,
          360,
          null,
          null
        ]
      },
      "/Users/jackmccarthy/Documents/Makers/Week_10/makers-gilded-rose-tech-test/lib/item.rb": {
        "lines": [
          1,
          1,
          null,
          1,
          2,
          2,
          2,
          null,
          null,
          1,
          1,
          null,
          null
        ]
      },
      "/Users/jackmccarthy/Documents/Makers/Week_10/makers-gilded-rose-tech-test/spec/item_spec.rb": {
        "lines": [
          1,
          null,
          1,
          3,
          null,
          1,
          1,
          1,
          1,
          1,
          null,
          null,
          null,
          1,
          1,
          1,
          null,
          null,
          null
        ]
      }
    },
    "timestamp": 1620304308
  }
}
