{
  "RSpec": {
    "coverage": {
      "/Users/jackmccarthy/Documents/Makers/Week_10/makers-gilded-rose-tech-test/spec/gilded_rose_spec.rb": {
        "lines": [
          1,
          null,
          1,
          1,
          null,
          1,
          105,
          105,
          105,
          null,
          null,
          null,
          1,
          1,
          null,
          15,
          null,
          null,
          null,
          null,
          null,
          null,
          null,
          15,
          null,
          null,
          1,
          1,
          1,
          null,
          null,
          1,
          1,
          4,
          1,
          null,
          null,
          1,
          1,
          4,
          1,
          null,
          null,
          1,
          7,
          4,
          1,
          null,
          null,
          1,
          4,
          1,
          null,
          null,
          null,
          1,
          1,
          4,
          1,
          null,
          null,
          1,
          11,
          1,
          4,
          1,
          null,
          null,
          null,
          1,
          21,
          1,
          4,
          1,
          null,
          null,
          null,
          1,
          1,
          1,
          2,
          1,
          null,
          null,
          1,
          1,
          2,
          1,
          null,
          null,
          null,
          1,
          1,
          1,
          4,
          1,
          null,
          null,
          1,
          1,
          1,
          1,
          null,
          4,
          1,
          null,
          5,
          1,
          null,
          null,
          1,
          1,
          7,
          1,
          null,
          4,
          1,
          null,
          5,
          1,
          null,
          null,
          null,
          1,
          1,
          null,
          13,
          1,
          null,
          null,
          1,
          4,
          1,
          null,
          6,
          1,
          null,
          null,
          null,
          null,
          null,
          null,
          null,
          null
        ]
      },
      "/Users/jackmccarthy/Documents/Makers/Week_10/makers-gilded-rose-tech-test/lib/gilded_rose.rb": {
        "lines": [
          1,
          null,
          1,
          1,
          null,
          1,
          15,
          null,
          null,
          1,
          83,
          581,
          null,
          498,
          null,
          498,
          null,
          415,
          null,
          249,
          null,
          null,
          null,
          1,
          null,
          1,
          581,
          null,
          null,
          1,
          498,
          null,
          null,
          1,
          464,
          null,
          null,
          1,
          415,
          null,
          null,
          1,
          22,
          null,
          null,
          1,
          498,
          null,
          null,
          1,
          498,
          null,
          null,
          1,
          83,
          83,
          null,
          null,
          1,
          415,
          null,
          null,
          1,
          166,
          166,
          166,
          166,
          null,
          null,
          1,
          249,
          249,
          null,
          null
        ]
      },
      "/Users/jackmccarthy/Documents/Makers/Week_10/makers-gilded-rose-tech-test/lib/item.rb": {
        "lines": [
          1,
          1,
          null,
          1,
          0,
          0,
          0,
          null,
          null,
          1,
          0,
          null,
          null
        ]
      }
    },
    "timestamp": 1620297400
  }
}
